{"level":"error","message":"Fri Jul 15 2022 14:00:43 GMT+0530 (India Standard Time)-{\"name\":\"MulterError\",\"message\":\"Unexpected field\",\"code\":\"LIMIT_UNEXPECTED_FILE\",\"field\":\"Image\",\"storageErrors\":[]}","private":true}
{"level":"error","message":"Fri Jul 15 2022 14:33:16 GMT+0530 (India Standard Time)-{}","private":true}
{"level":"error","message":"Fri Jul 15 2022 14:36:18 GMT+0530 (India Standard Time)-{}","private":true}
{"level":"error","message":"Fri Jul 15 2022 14:36:34 GMT+0530 (India Standard Time)-{}","private":true}
{"level":"error","message":"Fri Jul 15 2022 14:36:44 GMT+0530 (India Standard Time)-{}","private":true}
{"level":"error","message":"Fri Jul 15 2022 14:40:49 GMT+0530 (India Standard Time)-{}","private":true}
{"level":"error","message":"Fri Jul 15 2022 14:45:53 GMT+0530 (India Standard Time)-{}","private":true}
{"level":"error","message":"Fri Jul 15 2022 14:51:57 GMT+0530 (India Standard Time)-{}","private":true}
{"level":"error","message":"Fri Jul 15 2022 14:55:33 GMT+0530 (India Standard Time)-{}","private":true}
{"level":"error","message":"Fri Jul 15 2022 14:57:35 GMT+0530 (India Standard Time)-{}","private":true}
{"level":"error","message":"Fri Jul 15 2022 14:58:19 GMT+0530 (India Standard Time)-{}","private":true}
{"level":"error","message":"Fri Jul 15 2022 14:58:56 GMT+0530 (India Standard Time)-{}","private":true}
{"level":"error","message":"Fri Jul 15 2022 15:13:18 GMT+0530 (India Standard Time)-{}","private":true}
{"level":"error","message":"Fri Jul 15 2022 15:20:37 GMT+0530 (India Standard Time)-{\"name\":\"Data Not found\",\"statusCode\":500,\"isOperational\":true}","private":true}
{"level":"error","message":"Fri Jul 15 2022 15:42:06 GMT+0530 (India Standard Time)-{\"name\":\"Data Not found\",\"statusCode\":500,\"isOperational\":true}","private":true}
{"level":"error","message":"Fri Jul 15 2022 15:54:05 GMT+0530 (India Standard Time)-{\"name\":\"Data Not found\",\"statusCode\":500,\"isOperational\":true}","private":true}
{"level":"error","message":"Fri Jul 15 2022 18:47:57 GMT+0530 (India Standard Time)-{\"statusCode\":401}","private":true}
{"level":"error","message":"Fri Jul 15 2022 18:48:32 GMT+0530 (India Standard Time)-{\"name\":\"Data Not found\",\"statusCode\":{},\"isOperational\":true}","private":true}
{"level":"error","message":"Fri Jul 15 2022 18:49:37 GMT+0530 (India Standard Time)-{\"statusCode\":403}","private":true}
{"level":"error","message":"Fri Jul 15 2022 18:52:11 GMT+0530 (India Standard Time)-{}","private":true}
{"level":"error","message":"Fri Jul 15 2022 18:52:25 GMT+0530 (India Standard Time)-{}","private":true}
{"level":"error","message":"Fri Jul 15 2022 20:46:49 GMT+0530 (India Standard Time)-{\"name\":\"Data Not found\",\"statusCode\":{},\"isOperational\":true}","private":true}
{"level":"error","message":"Fri Jul 15 2022 20:47:55 GMT+0530 (India Standard Time)-{\"name\":\"Data Not found\",\"statusCode\":{},\"isOperational\":true}","private":true}
{"level":"error","message":"Mon Jul 18 2022 21:59:56 GMT+0530 (India Standard Time)-{\"name\":\"Data Not found\",\"statusCode\":{},\"isOperational\":true}","private":true}
